D:\Qtfile\DADpast\DADpast\Debug\cl.command.1.tlog
D:\Qtfile\DADpast\DADpast\Debug\CL.read.1.tlog
D:\Qtfile\DADpast\DADpast\Debug\CL.write.1.tlog
D:\Qtfile\DADpast\DADpast\Debug\custombuild.command.1.tlog
D:\Qtfile\DADpast\DADpast\Debug\custombuild.read.1.tlog
D:\Qtfile\DADpast\DADpast\Debug\custombuild.write.1.tlog
D:\Qtfile\DADpast\DADpast\Debug\DADpast.exe.intermediate.manifest
D:\QTFILE\DADPAST\DADPAST\DEBUG\DADPAST.OBJ
D:\Qtfile\DADpast\DADpast\Debug\DADpast.vcxprojResolveAssemblyReference.cache
D:\Qtfile\DADpast\DADpast\Debug\DADpast.write.1.tlog
D:\QTFILE\DADPAST\DADPAST\DEBUG\IPLIMAGEOPERATION.OBJ
D:\Qtfile\DADpast\DADpast\Debug\link.command.1.tlog
D:\Qtfile\DADpast\DADpast\Debug\link.read.1.tlog
D:\Qtfile\DADpast\DADpast\Debug\link.write.1.tlog
D:\QTFILE\DADPAST\DADPAST\DEBUG\MAIN.OBJ
D:\QTFILE\DADPAST\DADPAST\DEBUG\MOC_DADPAST.OBJ
D:\QTFILE\DADPAST\DADPAST\DEBUG\MOC_SCREEN.OBJ
D:\Qtfile\DADpast\DADpast\Debug\mt.command.1.tlog
D:\Qtfile\DADpast\DADpast\Debug\mt.read.1.tlog
D:\Qtfile\DADpast\DADpast\Debug\mt.write.1.tlog
D:\QTFILE\DADPAST\DADPAST\DEBUG\QRC_DADPAST.OBJ
D:\QTFILE\DADPAST\DADPAST\DEBUG\VC100.PDB
D:\QTFILE\DADPAST\DADPAST\GENERATEDFILES\DEBUG\MOC_DADPAST.CPP
D:\QTFILE\DADPAST\DADPAST\GENERATEDFILES\DEBUG\MOC_SCREEN.CPP
D:\QTFILE\DADPAST\DADPAST\GENERATEDFILES\QRC_DADPAST.CPP
D:\QTFILE\DADPAST\DADPAST\GENERATEDFILES\UI_DADPAST.H
D:\QTFILE\DADPAST\WIN32\DEBUG\DADPAST.EXE
D:\Qtfile\DADpast\Win32\Debug\DADpast.pdb
